<?xml version="1.0" encoding="UTF-8"?>
<!-- Generated by org.testng.reporters.JUnitReportReporter -->
<testsuite hostname="BMT-LAP-88" failures="0" tests="1" name="TC001_GET_Request" time="2.691" errors="0" timestamp="25 Aug 2021 12:35:45 GMT">
  <testcase classname="TC001_GET_Request" name="getresponse" time="2.691"/>
</testsuite> <!-- TC001_GET_Request -->
